

*******************************************************************************
Wed Apr 27 16:22:48 2016


FIT:    data read from "MyData.dat" u 1:2
        format = x:z
        #datapoints = 11
        residuals are weighted equally (unit weight)

function used for fitting: g(x)
	g(x) = a*x**(b)
fitted parameters initialized with current variable values

iter      chisq       delta/lim  lambda   a             b            
   0 1.2869998140e+07   0.00e+00  5.66e+03    1.000000e+00   1.000000e+00
 208 2.1863982107e-10  -3.85e-01  5.66e-10    2.922689e+01  -1.972279e+00

After 208 iterations the fit converged.
final sum of squares of residuals : 2.1864e-10
rel. change during last iteration : -3.8527e-06

degrees of freedom    (FIT_NDF)                        : 9
rms of residuals      (FIT_STDFIT) = sqrt(WSSR/ndf)    : 4.92882e-06
variance of residuals (reduced chisquare) = WSSR/ndf   : 2.42933e-11

Final set of parameters            Asymptotic Standard Error
=======================            ==========================
a               = 29.2269          +/- 0.8453       (2.892%)
b               = -1.97228         +/- 0.006215     (0.3151%)

correlation matrix of the fit parameters:
                a      b      
a               1.000 
b              -0.999  1.000 
